app/build/intermediates/manifest_merge_blame_file/debug/manifest-merger-blame-debug-report.txt
1<?xml version="1.0" encoding="utf-8"?>
2<manifest xmlns:android="http://schemas.android.com/apk/res/android"
3    package="com.example.docsachapp"
4    android:versionCode="1"
5    android:versionName="1.0" >
6
7    <uses-sdk
8        android:minSdkVersion="24"
9        android:targetSdkVersion="36" />
10
11    <permission
11-->[androidx.core:core:1.9.0] AndroidManifest.xml:22:5-24:47
12        android:name="com.example.docsachapp.DYNAMIC_RECEIVER_NOT_EXPORTED_PERMISSION"
12-->[androidx.core:core:1.9.0] AndroidManifest.xml:23:9-81
13        android:protectionLevel="signature" />
13-->[androidx.core:core:1.9.0] AndroidManifest.xml:24:9-44
14
15    <uses-permission android:name="com.example.docsachapp.DYNAMIC_RECEIVER_NOT_EXPORTED_PERMISSION" />
15-->[androidx.core:core:1.9.0] AndroidManifest.xml:26:5-97
15-->[androidx.core:core:1.9.0] AndroidManifest.xml:26:22-94
16
17    <application
17-->src\main\AndroidManifest.xml:5:5-39:19
18        android:allowBackup="true"
18-->src\main\AndroidManifest.xml:6:9-35
19        android:appComponentFactory="androidx.core.app.CoreComponentFactory"
19-->[androidx.core:core:1.9.0] AndroidManifest.xml:28:18-86
20        android:debuggable="true"
21        android:extractNativeLibs="false"
22        android:label="@string/app_name"
22-->src\main\AndroidManifest.xml:7:9-41
23        android:supportsRtl="true"
23-->src\main\AndroidManifest.xml:8:9-35
24        android:testOnly="true"
25        android:theme="@style/Theme.DocSachApp" >
25-->src\main\AndroidManifest.xml:9:9-48
26        <activity
26-->src\main\AndroidManifest.xml:10:9-13:20
27            android:name="com.example.docsachapp.MainActivity"
27-->src\main\AndroidManifest.xml:11:13-41
28            android:exported="true" >
28-->src\main\AndroidManifest.xml:12:13-36
29        </activity>
30        <activity
30-->src\main\AndroidManifest.xml:15:9-20:20
31            android:name="com.example.docsachapp.LoginActivity"
31-->src\main\AndroidManifest.xml:15:19-48
32            android:exported="true" >
32-->src\main\AndroidManifest.xml:15:49-72
33            <intent-filter>
33-->src\main\AndroidManifest.xml:16:13-19:29
34                <action android:name="android.intent.action.MAIN" />
34-->src\main\AndroidManifest.xml:17:17-69
34-->src\main\AndroidManifest.xml:17:25-66
35
36                <category android:name="android.intent.category.LAUNCHER" />
36-->src\main\AndroidManifest.xml:18:17-77
36-->src\main\AndroidManifest.xml:18:27-74
37            </intent-filter>
38        </activity>
39        <activity android:name="com.example.docsachapp.RegisterMethodActivity" />
39-->src\main\AndroidManifest.xml:21:9-60
39-->src\main\AndroidManifest.xml:21:19-57
40        <activity android:name="com.example.docsachapp.RegisterInfoActivity" />
40-->src\main\AndroidManifest.xml:22:9-58
40-->src\main\AndroidManifest.xml:22:19-55
41        <activity android:name="com.example.docsachapp.RegisterPasswordActivity" />
41-->src\main\AndroidManifest.xml:23:9-62
41-->src\main\AndroidManifest.xml:23:19-59
42        <activity android:name="com.example.docsachapp.ForgotPasswordEmailActivity" />
42-->src\main\AndroidManifest.xml:24:9-65
42-->src\main\AndroidManifest.xml:24:19-62
43        <activity android:name="com.example.docsachapp.ForgotPasswordOtpActivity" />
43-->src\main\AndroidManifest.xml:25:9-63
43-->src\main\AndroidManifest.xml:25:19-60
44        <activity android:name="com.example.docsachapp.ForgotPasswordResetActivity" />
44-->src\main\AndroidManifest.xml:26:9-65
44-->src\main\AndroidManifest.xml:26:19-62
45        <activity android:name="com.example.docsachapp.ForgotPasswordSuccessActivity" />
45-->src\main\AndroidManifest.xml:27:9-67
45-->src\main\AndroidManifest.xml:27:19-64
46        <activity android:name="com.example.docsachapp.BookDetailsActivity" />
46-->src\main\AndroidManifest.xml:28:9-57
46-->src\main\AndroidManifest.xml:28:19-54
47        <activity android:name="com.example.docsachapp.ReadingActivity" />
47-->src\main\AndroidManifest.xml:29:9-53
47-->src\main\AndroidManifest.xml:29:19-50
48        <activity android:name="com.example.docsachapp.CommentsActivity" />
48-->src\main\AndroidManifest.xml:30:9-54
48-->src\main\AndroidManifest.xml:30:19-51
49        <activity android:name="com.example.docsachapp.CollectionDetailsActivity" />
49-->src\main\AndroidManifest.xml:31:9-63
49-->src\main\AndroidManifest.xml:31:19-60
50        <activity android:name="com.example.docsachapp.BookCreateActivity" />
50-->src\main\AndroidManifest.xml:32:9-56
50-->src\main\AndroidManifest.xml:32:19-53
51        <activity android:name="com.example.docsachapp.BookCreateStep2Activity" />
51-->src\main\AndroidManifest.xml:33:9-61
51-->src\main\AndroidManifest.xml:33:19-58
52        <activity android:name="com.example.docsachapp.AuthorWorksActivity" />
52-->src\main\AndroidManifest.xml:34:9-57
52-->src\main\AndroidManifest.xml:34:19-54
53        <activity android:name="com.example.docsachapp.BookEditActivity" />
53-->src\main\AndroidManifest.xml:35:9-54
53-->src\main\AndroidManifest.xml:35:19-51
54        <activity android:name="com.example.docsachapp.ChapterWriterActivity" />
54-->src\main\AndroidManifest.xml:36:9-59
54-->src\main\AndroidManifest.xml:36:19-56
55        <activity android:name="com.example.docsachapp.ProfileEditActivity" />
55-->src\main\AndroidManifest.xml:37:9-57
55-->src\main\AndroidManifest.xml:37:19-54
56        <activity android:name="com.example.docsachapp.AuthorProfileActivity" />
56-->src\main\AndroidManifest.xml:38:9-59
56-->src\main\AndroidManifest.xml:38:19-56
57
58        <provider
58-->[androidx.emoji2:emoji2:1.2.0] AndroidManifest.xml:24:9-32:20
59            android:name="androidx.startup.InitializationProvider"
59-->[androidx.emoji2:emoji2:1.2.0] AndroidManifest.xml:25:13-67
60            android:authorities="com.example.docsachapp.androidx-startup"
60-->[androidx.emoji2:emoji2:1.2.0] AndroidManifest.xml:26:13-68
61            android:exported="false" >
61-->[androidx.emoji2:emoji2:1.2.0] AndroidManifest.xml:27:13-37
62            <meta-data
62-->[androidx.emoji2:emoji2:1.2.0] AndroidManifest.xml:29:13-31:52
63                android:name="androidx.emoji2.text.EmojiCompatInitializer"
63-->[androidx.emoji2:emoji2:1.2.0] AndroidManifest.xml:30:17-75
64                android:value="androidx.startup" />
64-->[androidx.emoji2:emoji2:1.2.0] AndroidManifest.xml:31:17-49
65            <meta-data
65-->[androidx.lifecycle:lifecycle-process:2.6.1] AndroidManifest.xml:29:13-31:52
66                android:name="androidx.lifecycle.ProcessLifecycleInitializer"
66-->[androidx.lifecycle:lifecycle-process:2.6.1] AndroidManifest.xml:30:17-78
67                android:value="androidx.startup" />
67-->[androidx.lifecycle:lifecycle-process:2.6.1] AndroidManifest.xml:31:17-49
68            <meta-data
68-->[androidx.profileinstaller:profileinstaller:1.3.0] AndroidManifest.xml:29:13-31:52
69                android:name="androidx.profileinstaller.ProfileInstallerInitializer"
69-->[androidx.profileinstaller:profileinstaller:1.3.0] AndroidManifest.xml:30:17-85
70                android:value="androidx.startup" />
70-->[androidx.profileinstaller:profileinstaller:1.3.0] AndroidManifest.xml:31:17-49
71        </provider>
72
73        <receiver
73-->[androidx.profileinstaller:profileinstaller:1.3.0] AndroidManifest.xml:34:9-52:20
74            android:name="androidx.profileinstaller.ProfileInstallReceiver"
74-->[androidx.profileinstaller:profileinstaller:1.3.0] AndroidManifest.xml:35:13-76
75            android:directBootAware="false"
75-->[androidx.profileinstaller:profileinstaller:1.3.0] AndroidManifest.xml:36:13-44
76            android:enabled="true"
76-->[androidx.profileinstaller:profileinstaller:1.3.0] AndroidManifest.xml:37:13-35
77            android:exported="true"
77-->[androidx.profileinstaller:profileinstaller:1.3.0] AndroidManifest.xml:38:13-36
78            android:permission="android.permission.DUMP" >
78-->[androidx.profileinstaller:profileinstaller:1.3.0] AndroidManifest.xml:39:13-57
79            <intent-filter>
79-->[androidx.profileinstaller:profileinstaller:1.3.0] AndroidManifest.xml:40:13-42:29
80                <action android:name="androidx.profileinstaller.action.INSTALL_PROFILE" />
80-->[androidx.profileinstaller:profileinstaller:1.3.0] AndroidManifest.xml:41:17-91
80-->[androidx.profileinstaller:profileinstaller:1.3.0] AndroidManifest.xml:41:25-88
81            </intent-filter>
82            <intent-filter>
82-->[androidx.profileinstaller:profileinstaller:1.3.0] AndroidManifest.xml:43:13-45:29
83                <action android:name="androidx.profileinstaller.action.SKIP_FILE" />
83-->[androidx.profileinstaller:profileinstaller:1.3.0] AndroidManifest.xml:44:17-85
83-->[androidx.profileinstaller:profileinstaller:1.3.0] AndroidManifest.xml:44:25-82
84            </intent-filter>
85            <intent-filter>
85-->[androidx.profileinstaller:profileinstaller:1.3.0] AndroidManifest.xml:46:13-48:29
86                <action android:name="androidx.profileinstaller.action.SAVE_PROFILE" />
86-->[androidx.profileinstaller:profileinstaller:1.3.0] AndroidManifest.xml:47:17-88
86-->[androidx.profileinstaller:profileinstaller:1.3.0] AndroidManifest.xml:47:25-85
87            </intent-filter>
88            <intent-filter>
88-->[androidx.profileinstaller:profileinstaller:1.3.0] AndroidManifest.xml:49:13-51:29
89                <action android:name="androidx.profileinstaller.action.BENCHMARK_OPERATION" />
89-->[androidx.profileinstaller:profileinstaller:1.3.0] AndroidManifest.xml:50:17-95
89-->[androidx.profileinstaller:profileinstaller:1.3.0] AndroidManifest.xml:50:25-92
90            </intent-filter>
91        </receiver>
92    </application>
93
94</manifest>